manifest_merge_blame_file/debug/processDebugMainManifest/manifest-merger-blame-debug-report.txt
1<?xml version="1.0" encoding="utf-8"?>
2<manifest xmlns:android="http://schemas.android.com/apk/res/android"
3    package="com.example.jogoeleitoral"
4    android:versionCode="1"
5    android:versionName="1.0" >
6
7    <uses-sdk
8        android:minSdkVersion="24"
9        android:targetSdkVersion="36" />
10
11    <application
11-->src\main\AndroidManifest.xml:4:5-24:19
12        android:allowBackup="true"
12-->src\main\AndroidManifest.xml:5:9-35
13        android:debuggable="true"
14        android:extractNativeLibs="false"
15        android:hardwareAccelerated="true"
15-->src\main\AndroidManifest.xml:10:9-43
16        android:icon="@mipmap/ic_launcher"
16-->src\main\AndroidManifest.xml:6:9-43
17        android:label="Jogo Eleitoral"
17-->src\main\AndroidManifest.xml:7:9-39
18        android:roundIcon="@mipmap/ic_launcher_round"
18-->src\main\AndroidManifest.xml:8:9-54
19        android:supportsRtl="true"
19-->src\main\AndroidManifest.xml:9:9-35
20        android:theme="@style/Theme.JogoEleitoral" >
20-->src\main\AndroidManifest.xml:11:9-51
21        <activity
21-->src\main\AndroidManifest.xml:12:9-22:20
22            android:name="com.example.jogoeleitoral.MainActivity"
22-->src\main\AndroidManifest.xml:13:13-41
23            android:configChanges="orientation|screenSize|keyboardHidden"
23-->src\main\AndroidManifest.xml:16:13-74
24            android:exported="true"
24-->src\main\AndroidManifest.xml:14:13-36
25            android:screenOrientation="sensorLandscape"
25-->src\main\AndroidManifest.xml:15:13-56
26            android:theme="@android:style/Theme.NoTitleBar.Fullscreen" >
26-->src\main\AndroidManifest.xml:17:13-71
27            <intent-filter>
27-->src\main\AndroidManifest.xml:18:13-21:29
28                <action android:name="android.intent.action.MAIN" />
28-->src\main\AndroidManifest.xml:19:17-69
28-->src\main\AndroidManifest.xml:19:25-66
29
30                <category android:name="android.intent.category.LAUNCHER" />
30-->src\main\AndroidManifest.xml:20:17-77
30-->src\main\AndroidManifest.xml:20:27-74
31            </intent-filter>
32        </activity>
33        <activity
33-->src\main\AndroidManifest.xml:23:9-94
34            android:name="com.example.jogoeleitoral.CrashActivity"
34-->src\main\AndroidManifest.xml:23:19-48
35            android:theme="@android:style/Theme.Light" />
35-->src\main\AndroidManifest.xml:23:49-91
36    </application>
37
38</manifest>